<?xml version="1.0" encoding="UTF-8"?>
<testng-results skipped="0" failed="0" total="1" passed="1">
  <reporter-output>
  </reporter-output>
  <suite name="SeleniumCI.DemoTest" duration-ms="40972" started-at="2014-12-08T15:22:50Z" finished-at="2014-12-08T15:23:31Z">
    <groups>
    </groups>
    <test name="Command line test" duration-ms="40972" started-at="2014-12-08T15:22:50Z" finished-at="2014-12-08T15:23:31Z">
      <class name="SeleniumCI.DemoTest">
        <test-method status="PASS" signature="Democlass()[pri:0, instance:SeleniumCI.DemoTest@2c2c14f9]" name="Democlass" duration-ms="40956" started-at="2014-12-08T20:52:50Z" finished-at="2014-12-08T20:53:31Z">
          <reporter-output>
          </reporter-output>
        </test-method> <!-- Democlass -->
      </class> <!-- SeleniumCI.DemoTest -->
    </test> <!-- Command line test -->
  </suite> <!-- SeleniumCI.DemoTest -->
</testng-results>
