<?xml version="1.0" encoding="UTF-8"?>
<testng-results skipped="0" failed="0" total="1" passed="1">
  <reporter-output>
  </reporter-output>
  <suite name="Default suite" duration-ms="29702" started-at="2014-12-08T11:19:08Z" finished-at="2014-12-08T11:19:38Z">
    <groups>
    </groups>
    <test name="Default test" duration-ms="29702" started-at="2014-12-08T11:19:08Z" finished-at="2014-12-08T11:19:38Z">
      <class name="SeleniumCI.DemoTest">
        <test-method status="PASS" signature="Democlass()[pri:0, instance:SeleniumCI.DemoTest@634a988]" name="Democlass" duration-ms="29655" started-at="2014-12-08T16:49:08Z" finished-at="2014-12-08T16:49:38Z">
          <reporter-output>
          </reporter-output>
        </test-method> <!-- Democlass -->
      </class> <!-- SeleniumCI.DemoTest -->
    </test> <!-- Default test -->
  </suite> <!-- Default suite -->
</testng-results>
